<?xml version="1.0" encoding="UTF-8"?>
<!-- Generated by org.testng.reporters.JUnitXMLReporter -->
<testsuite hostname="DESKTOP-UB8SCE2" ignored="0" name="Default test" tests="2" failures="0" timestamp="2020-10-19T21:48:07 ALMT" time="38.878" errors="0">
  <testcase name="CheckLoginPageTitle" time="16.939" classname="com.bitm.SeleniumOnlineProject2.Test.LoginTest"/>
  <testcase name="LoginTestCheck" time="16.549" classname="com.bitm.SeleniumOnlineProject2.Test.LoginTest"/>
</testsuite> <!-- Default test -->
