<?xml version="1.0" encoding="UTF-8"?>
<!-- Generated by org.testng.reporters.JUnitXMLReporter -->
<testsuite hostname="DESKTOP-UB8SCE2" ignored="0" name="Default test" tests="2" failures="0" timestamp="2020-10-16T14:45:16 ALMT" time="21.73" errors="0">
  <testcase name="CheckLoginPageTitle" time="13.886" classname="com.bitm.SeleniumOnlineProject2.Test.LoginTest"/>
  <testcase name="LoginTestCheck" time="7.7" classname="com.bitm.SeleniumOnlineProject2.Test.LoginTest"/>
</testsuite> <!-- Default test -->
