<?xml version="1.0" encoding="UTF-8"?>
<testng-results skipped="0" failed="0" ignored="0" total="2" passed="2">
  <reporter-output>
  </reporter-output>
  <suite name="Default suite" duration-ms="38878" started-at="2020-10-19T21:47:28 ALMT" finished-at="2020-10-19T21:48:07 ALMT">
    <groups>
    </groups>
    <test name="Default test" duration-ms="38878" started-at="2020-10-19T21:47:28 ALMT" finished-at="2020-10-19T21:48:07 ALMT">
      <class name="com.bitm.SeleniumOnlineProject2.Test.LoginTest">
        <test-method status="PASS" signature="CheckLoginPageTitle()[pri:0, instance:com.bitm.SeleniumOnlineProject2.Test.LoginTest@4e7dc304]" name="CheckLoginPageTitle" duration-ms="16939" started-at="2020-10-19T21:47:28 ALMT" finished-at="2020-10-19T21:47:45 ALMT">
          <reporter-output>
          </reporter-output>
        </test-method> <!-- CheckLoginPageTitle -->
        <test-method status="PASS" signature="LoginTestCheck(java.util.List)[pri:0, instance:com.bitm.SeleniumOnlineProject2.Test.LoginTest@4e7dc304]" name="LoginTestCheck" duration-ms="16549" started-at="2020-10-19T21:47:50 ALMT" data-provider="loginData" depends-on-methods="com.bitm.SeleniumOnlineProject2.Test.LoginTest.CheckLoginPageTitle" finished-at="2020-10-19T21:48:07 ALMT">
          <params>
            <param index="0">
              <value>
                <![CDATA[[LoginDTO [Usarname=tutorial, Password=tutorial], LoginDTO [Usarname=Admin, Password=admin123]]]]>
              </value>
            </param>
          </params>
          <reporter-output>
          </reporter-output>
        </test-method> <!-- LoginTestCheck -->
      </class> <!-- com.bitm.SeleniumOnlineProject2.Test.LoginTest -->
    </test> <!-- Default test -->
  </suite> <!-- Default suite -->
</testng-results>
